{"C:\\Users\\Puneet\\work\\trainings\\INTCDB21IN013\\serverside\\pwt-rev\\Add.js": {"path":"C:\\Users\\Puneet\\work\\trainings\\INTCDB21IN013\\serverside\\pwt-rev\\Add.js","statementMap":{"0":{"start":{"line":1,"column":14},"end":{"line":1,"column":33}},"1":{"start":{"line":3,"column":0},"end":{"line":5,"column":2}},"2":{"start":{"line":4,"column":4},"end":{"line":4,"column":17}}},"fnMap":{"0":{"name":"(anonymous_0)","decl":{"start":{"line":3,"column":20},"end":{"line":3,"column":21}},"loc":{"start":{"line":3,"column":36},"end":{"line":5,"column":1}},"line":3}},"branchMap":{},"s":{"0":1,"1":1,"2":3},"f":{"0":3},"b":{},"_coverageSchema":"1a1c01bbd47fc00a2c39e90264f33305004495a9","hash":"2c5299cd9a6e66538de4d0974db193bd6937a6db"}
}
